<?xml version="1.0" encoding="UTF-8"?>
<!-- Generated by org.testng.reporters.JUnitReportReporter -->
<testsuite hostname="DESKTOP-TVLNRVV" failures="0" tests="1" name="Aera.TestScripts03" time="18.057" errors="0" timestamp="2024-07-17T16:04:02 IST" skipped="0">
  <testcase classname="Aera.TestScripts03" name="testscripts" time="18.057"/>
</testsuite> <!-- Aera.TestScripts03 -->
